<html>
<head>
<title>TestNG:  Test123</title>
<link href="../testng.css" rel="stylesheet" type="text/css" />
<link href="../my-testng.css" rel="stylesheet" type="text/css" />

<style type="text/css">
.log { display: none;} 
.stack-trace { display: none;} 
</style>
<script type="text/javascript">
<!--
function flip(e) {
  current = e.style.display;
  if (current == 'block') {
    e.style.display = 'none';
    return 0;
  }
  else {
    e.style.display = 'block';
    return 1;
  }
}

function toggleBox(szDivId, elem, msg1, msg2)
{
  var res = -1;  if (document.getElementById) {
    res = flip(document.getElementById(szDivId));
  }
  else if (document.all) {
    // this is the way old msie versions work
    res = flip(document.all[szDivId]);
  }
  if(elem) {
    if(res == 0) elem.innerHTML = msg1; else elem.innerHTML = msg2;
  }

}

function toggleAllBoxes() {
  if (document.getElementsByTagName) {
    d = document.getElementsByTagName('div');
    for (i = 0; i < d.length; i++) {
      if (d[i].className == 'log') {
        flip(d[i]);
      }
    }
  }
}

// -->
</script>

</head>
<body>
<h2 align='center'>Test123</h2><table border='1' align="center">
<tr>
<td>Tests passed/Failed/Skipped:</td><td>0/0/3</td>
</tr><tr>
<td>Started on:</td><td>Fri Feb 10 13:19:42 PST 2023</td>
</tr>
<tr><td>Total time:</td><td>0 seconds (185 ms)</td>
</tr><tr>
<td>Included groups:</td><td></td>
</tr><tr>
<td>Excluded groups:</td><td></td>
</tr>
</table><p/>
<small><i>(Hover the method name to see the test class name)</i></small><p/>
<table width='100%' border='1' class='invocation-failed'>
<tr><td colspan='4' align='center'><b>FAILED CONFIGURATIONS</b></td></tr>
<tr><td><b>Test method</b></td>
<td width="30%"><b>Exception</b></td>
<td width="10%"><b>Time (seconds)</b></td>
<td><b>Instance</b></td>
</tr>
<tr>
<td title='TestNG.LapTopTestNG.launchbrowser()'><b>launchbrowser</b><br>Test class: TestNG.LapTopTestNG</td>
<td><div><pre>org.testng.TestNGException: 
Parameter &apos;browser&apos; is required by BeforeTest on method launchbrowser but has not been marked @Optional or defined
in C:\Users\HP\eclipse\java-2022-09\Amazon\testngAmazon.xml
... Removed 21 stack frames</pre></div><a href='#' onClick='toggleBox("stack-trace953742666", this, "Click to show all stack frames", "Click to hide stack frames")'>Click to show all stack frames</a>
<div class='stack-trace' id='stack-trace953742666'><pre>org.testng.TestNGException: 
Parameter &apos;browser&apos; is required by BeforeTest on method launchbrowser but has not been marked @Optional or defined
in C:\Users\HP\eclipse\java-2022-09\Amazon\testngAmazon.xml
	at org.testng.internal.Parameters.createParams(Parameters.java:267)
	at org.testng.internal.Parameters.createParametersForMethod(Parameters.java:355)
	at org.testng.internal.Parameters.createParameters(Parameters.java:660)
	at org.testng.internal.Parameters.createConfigurationParameters(Parameters.java:166)
	at org.testng.internal.invokers.ConfigInvoker.invokeConfigurations(ConfigInvoker.java:300)
	at org.testng.TestRunner.invokeTestConfigurations(TestRunner.java:645)
	at org.testng.TestRunner.beforeRun(TestRunner.java:634)
	at org.testng.TestRunner.run(TestRunner.java:596)
	at org.testng.SuiteRunner.runTest(SuiteRunner.java:429)
	at org.testng.SuiteRunner.runSequentially(SuiteRunner.java:423)
	at org.testng.SuiteRunner.privateRun(SuiteRunner.java:383)
	at org.testng.SuiteRunner.run(SuiteRunner.java:326)
	at org.testng.SuiteRunnerWorker.runSuite(SuiteRunnerWorker.java:52)
	at org.testng.SuiteRunnerWorker.run(SuiteRunnerWorker.java:95)
	at org.testng.TestNG.runSuitesSequentially(TestNG.java:1249)
	at org.testng.TestNG.runSuitesLocally(TestNG.java:1169)
	at org.testng.TestNG.runSuites(TestNG.java:1092)
	at org.testng.TestNG.run(TestNG.java:1060)
	at org.testng.remote.AbstractRemoteTestNG.run(AbstractRemoteTestNG.java:115)
	at org.testng.remote.RemoteTestNG.initAndRun(RemoteTestNG.java:251)
	at org.testng.remote.RemoteTestNG.main(RemoteTestNG.java:77)
</pre></div></td>
<td>-1676063982</td>
<td>TestNG.LapTopTestNG@3c407114</td></tr>
</table><p>
<table width='100%' border='1' class='invocation-skipped'>
<tr><td colspan='4' align='center'><b>SKIPPED CONFIGURATIONS</b></td></tr>
<tr><td><b>Test method</b></td>
<td width="30%"><b>Exception</b></td>
<td width="10%"><b>Time (seconds)</b></td>
<td><b>Instance</b></td>
</tr>
<tr>
<td title='TestNG.SellTestNG.beforeMethod()'><b>beforeMethod</b><br>Test class: TestNG.SellTestNG</td>
<td></td>
<td>0</td>
<td>TestNG.SellTestNG@2ef3eef9</td></tr>
<tr>
<td title='TestNG.LapTopTestNG.afterTest()'><b>afterTest</b><br>Test class: TestNG.LapTopTestNG</td>
<td></td>
<td>0</td>
<td>TestNG.LapTopTestNG@3c407114</td></tr>
<tr>
<td title='TestNG.LapTopTestNG.afterclass()'><b>afterclass</b><br>Test class: TestNG.LapTopTestNG</td>
<td></td>
<td>0</td>
<td>TestNG.LapTopTestNG@3c407114</td></tr>
<tr>
<td title='TestNG.SellTestNG.aftermethod()'><b>aftermethod</b><br>Test class: TestNG.SellTestNG</td>
<td></td>
<td>0</td>
<td>TestNG.SellTestNG@2ef3eef9</td></tr>
<tr>
<td title='TestNG.LapTopTestNG.beforeMethod()'><b>beforeMethod</b><br>Test class: TestNG.LapTopTestNG</td>
<td></td>
<td>0</td>
<td>TestNG.LapTopTestNG@3c407114</td></tr>
<tr>
<td title='TestNG.SellTestNG.afterclass()'><b>afterclass</b><br>Test class: TestNG.SellTestNG</td>
<td></td>
<td>0</td>
<td>TestNG.SellTestNG@2ef3eef9</td></tr>
<tr>
<td title='TestNG.LapTopTestNG.aftermethod()'><b>aftermethod</b><br>Test class: TestNG.LapTopTestNG</td>
<td></td>
<td>0</td>
<td>TestNG.LapTopTestNG@3c407114</td></tr>
<tr>
<td title='TestNG.LapTopTestNG.aftermethod()'><b>aftermethod</b><br>Test class: TestNG.LapTopTestNG</td>
<td></td>
<td>0</td>
<td>TestNG.LapTopTestNG@3c407114</td></tr>
<tr>
<td title='TestNG.LapTopTestNG.beforeMethod()'><b>beforeMethod</b><br>Test class: TestNG.LapTopTestNG</td>
<td></td>
<td>0</td>
<td>TestNG.LapTopTestNG@3c407114</td></tr>
<tr>
<td title='TestNG.LapTopTestNG.beforeclass()'><b>beforeclass</b><br>Test class: TestNG.LapTopTestNG</td>
<td></td>
<td>0</td>
<td>TestNG.LapTopTestNG@3c407114</td></tr>
<tr>
<td title='TestNG.SellTestNG.beforeclass()'><b>beforeclass</b><br>Test class: TestNG.SellTestNG</td>
<td></td>
<td>0</td>
<td>TestNG.SellTestNG@2ef3eef9</td></tr>
<tr>
<td title='TestNG.SellTestNG.launchbrowser()'><b>launchbrowser</b><br>Test class: TestNG.SellTestNG</td>
<td></td>
<td>0</td>
<td>TestNG.SellTestNG@2ef3eef9</td></tr>
</table><p>
<table width='100%' border='1' class='invocation-skipped'>
<tr><td colspan='4' align='center'><b>SKIPPED TESTS</b></td></tr>
<tr><td><b>Test method</b></td>
<td width="30%"><b>Exception</b></td>
<td width="10%"><b>Time (seconds)</b></td>
<td><b>Instance</b></td>
</tr>
<tr>
<td title='TestNG.SellTestNG.test1BestSeller()'><b>test1BestSeller</b><br>Test class: TestNG.SellTestNG</td>
<td><div><pre>org.testng.TestNGException: 
Parameter &apos;browser&apos; is required by BeforeTest on method launchbrowser but has not been marked @Optional or defined
in C:\Users\HP\eclipse\java-2022-09\Amazon\testngAmazon.xml
... Removed 21 stack frames</pre></div><a href='#' onClick='toggleBox("stack-trace978508707", this, "Click to show all stack frames", "Click to hide stack frames")'>Click to show all stack frames</a>
<div class='stack-trace' id='stack-trace978508707'><pre>org.testng.TestNGException: 
Parameter &apos;browser&apos; is required by BeforeTest on method launchbrowser but has not been marked @Optional or defined
in C:\Users\HP\eclipse\java-2022-09\Amazon\testngAmazon.xml
	at org.testng.internal.Parameters.createParams(Parameters.java:267)
	at org.testng.internal.Parameters.createParametersForMethod(Parameters.java:355)
	at org.testng.internal.Parameters.createParameters(Parameters.java:660)
	at org.testng.internal.Parameters.createConfigurationParameters(Parameters.java:166)
	at org.testng.internal.invokers.ConfigInvoker.invokeConfigurations(ConfigInvoker.java:300)
	at org.testng.TestRunner.invokeTestConfigurations(TestRunner.java:645)
	at org.testng.TestRunner.beforeRun(TestRunner.java:634)
	at org.testng.TestRunner.run(TestRunner.java:596)
	at org.testng.SuiteRunner.runTest(SuiteRunner.java:429)
	at org.testng.SuiteRunner.runSequentially(SuiteRunner.java:423)
	at org.testng.SuiteRunner.privateRun(SuiteRunner.java:383)
	at org.testng.SuiteRunner.run(SuiteRunner.java:326)
	at org.testng.SuiteRunnerWorker.runSuite(SuiteRunnerWorker.java:52)
	at org.testng.SuiteRunnerWorker.run(SuiteRunnerWorker.java:95)
	at org.testng.TestNG.runSuitesSequentially(TestNG.java:1249)
	at org.testng.TestNG.runSuitesLocally(TestNG.java:1169)
	at org.testng.TestNG.runSuites(TestNG.java:1092)
	at org.testng.TestNG.run(TestNG.java:1060)
	at org.testng.remote.AbstractRemoteTestNG.run(AbstractRemoteTestNG.java:115)
	at org.testng.remote.RemoteTestNG.initAndRun(RemoteTestNG.java:251)
	at org.testng.remote.RemoteTestNG.main(RemoteTestNG.java:77)
</pre></div></td>
<td>0</td>
<td>TestNG.SellTestNG@2ef3eef9</td></tr>
<tr>
<td title='TestNG.LapTopTestNG.testLappy()'><b>testLappy</b><br>Test class: TestNG.LapTopTestNG</td>
<td><div><pre>org.testng.TestNGException: 
Parameter &apos;browser&apos; is required by BeforeTest on method launchbrowser but has not been marked @Optional or defined
in C:\Users\HP\eclipse\java-2022-09\Amazon\testngAmazon.xml
... Removed 21 stack frames</pre></div><a href='#' onClick='toggleBox("stack-trace16503286", this, "Click to show all stack frames", "Click to hide stack frames")'>Click to show all stack frames</a>
<div class='stack-trace' id='stack-trace16503286'><pre>org.testng.TestNGException: 
Parameter &apos;browser&apos; is required by BeforeTest on method launchbrowser but has not been marked @Optional or defined
in C:\Users\HP\eclipse\java-2022-09\Amazon\testngAmazon.xml
	at org.testng.internal.Parameters.createParams(Parameters.java:267)
	at org.testng.internal.Parameters.createParametersForMethod(Parameters.java:355)
	at org.testng.internal.Parameters.createParameters(Parameters.java:660)
	at org.testng.internal.Parameters.createConfigurationParameters(Parameters.java:166)
	at org.testng.internal.invokers.ConfigInvoker.invokeConfigurations(ConfigInvoker.java:300)
	at org.testng.TestRunner.invokeTestConfigurations(TestRunner.java:645)
	at org.testng.TestRunner.beforeRun(TestRunner.java:634)
	at org.testng.TestRunner.run(TestRunner.java:596)
	at org.testng.SuiteRunner.runTest(SuiteRunner.java:429)
	at org.testng.SuiteRunner.runSequentially(SuiteRunner.java:423)
	at org.testng.SuiteRunner.privateRun(SuiteRunner.java:383)
	at org.testng.SuiteRunner.run(SuiteRunner.java:326)
	at org.testng.SuiteRunnerWorker.runSuite(SuiteRunnerWorker.java:52)
	at org.testng.SuiteRunnerWorker.run(SuiteRunnerWorker.java:95)
	at org.testng.TestNG.runSuitesSequentially(TestNG.java:1249)
	at org.testng.TestNG.runSuitesLocally(TestNG.java:1169)
	at org.testng.TestNG.runSuites(TestNG.java:1092)
	at org.testng.TestNG.run(TestNG.java:1060)
	at org.testng.remote.AbstractRemoteTestNG.run(AbstractRemoteTestNG.java:115)
	at org.testng.remote.RemoteTestNG.initAndRun(RemoteTestNG.java:251)
	at org.testng.remote.RemoteTestNG.main(RemoteTestNG.java:77)
</pre></div></td>
<td>0</td>
<td>TestNG.LapTopTestNG@3c407114</td></tr>
<tr>
<td title='TestNG.LapTopTestNG.include()'><b>include</b><br>Test class: TestNG.LapTopTestNG</td>
<td><div><pre>org.testng.TestNGException: 
Parameter &apos;browser&apos; is required by BeforeTest on method launchbrowser but has not been marked @Optional or defined
in C:\Users\HP\eclipse\java-2022-09\Amazon\testngAmazon.xml
... Removed 21 stack frames</pre></div><a href='#' onClick='toggleBox("stack-trace198099809", this, "Click to show all stack frames", "Click to hide stack frames")'>Click to show all stack frames</a>
<div class='stack-trace' id='stack-trace198099809'><pre>org.testng.TestNGException: 
Parameter &apos;browser&apos; is required by BeforeTest on method launchbrowser but has not been marked @Optional or defined
in C:\Users\HP\eclipse\java-2022-09\Amazon\testngAmazon.xml
	at org.testng.internal.Parameters.createParams(Parameters.java:267)
	at org.testng.internal.Parameters.createParametersForMethod(Parameters.java:355)
	at org.testng.internal.Parameters.createParameters(Parameters.java:660)
	at org.testng.internal.Parameters.createConfigurationParameters(Parameters.java:166)
	at org.testng.internal.invokers.ConfigInvoker.invokeConfigurations(ConfigInvoker.java:300)
	at org.testng.TestRunner.invokeTestConfigurations(TestRunner.java:645)
	at org.testng.TestRunner.beforeRun(TestRunner.java:634)
	at org.testng.TestRunner.run(TestRunner.java:596)
	at org.testng.SuiteRunner.runTest(SuiteRunner.java:429)
	at org.testng.SuiteRunner.runSequentially(SuiteRunner.java:423)
	at org.testng.SuiteRunner.privateRun(SuiteRunner.java:383)
	at org.testng.SuiteRunner.run(SuiteRunner.java:326)
	at org.testng.SuiteRunnerWorker.runSuite(SuiteRunnerWorker.java:52)
	at org.testng.SuiteRunnerWorker.run(SuiteRunnerWorker.java:95)
	at org.testng.TestNG.runSuitesSequentially(TestNG.java:1249)
	at org.testng.TestNG.runSuitesLocally(TestNG.java:1169)
	at org.testng.TestNG.runSuites(TestNG.java:1092)
	at org.testng.TestNG.run(TestNG.java:1060)
	at org.testng.remote.AbstractRemoteTestNG.run(AbstractRemoteTestNG.java:115)
	at org.testng.remote.RemoteTestNG.initAndRun(RemoteTestNG.java:251)
	at org.testng.remote.RemoteTestNG.main(RemoteTestNG.java:77)
</pre></div></td>
<td>0</td>
<td>TestNG.LapTopTestNG@3c407114</td></tr>
</table><p>
</body>
</html>